# JRE version: OpenJDK Runtime Environment (11.0.3+7) (build 11.0.3+7)
# Java VM: OpenJDK 64-Bit Server VM (11.0.3+7, mixed mode, tiered, compressed oops, serial gc, linux-amd64)
Heap:
 def new generation   total 6784K, used 3875K [0x00000000f0a00000, 0x00000000f1150000, 0x00000000f5c00000)
  eden space 6080K,  52% used [0x00000000f0a00000, 0x00000000f0d18d10, 0x00000000f0ff0000)
  from space 704K,  99% used [0x00000000f10a0000, 0x00000000f114fff8, 0x00000000f1150000)
  to   space 704K,   0% used [0x00000000f0ff0000, 0x00000000f0ff0000, 0x00000000f10a0000)
 tenured generation   total 14868K, used 13767K [0x00000000f5c00000, 0x00000000f6a85000, 0x0000000100000000)
   the space 14868K,  92% used [0x00000000f5c00000, 0x00000000f6971e10, 0x00000000f6972000, 0x00000000f6a85000)
 Metaspace       used 23290K, capacity 23701K, committed 24064K, reserved 1071104K
  class space    used 2599K, capacity 2765K, committed 2816K, reserved 1048576K
GC Heap History (10 events):
Event: 59.979 GC heap before
{Heap before GC invocations=44 (full 2):
 def new generation   total 6784K, used 6185K [0x00000000f0a00000, 0x00000000f1150000, 0x00000000f5c00000)
  eden space 6080K, 100% used [0x00000000f0a00000, 0x00000000f0ff0000, 0x00000000f0ff0000)
  from space 704K,  15% used [0x00000000f10a0000, 0x00000000f10ba6c0, 0x00000000f1150000)
  to   space 704K,   0% used [0x00000000f0ff0000, 0x00000000f0ff0000, 0x00000000f10a0000)
 tenured generation   total 14868K, used 8920K [0x00000000f5c00000, 0x00000000f6a85000, 0x0000000100000000)
   the space 14868K,  59% used [0x00000000f5c00000, 0x00000000f64b60b8, 0x00000000f64b6200, 0x00000000f6a85000)
 Metaspace       used 22944K, capacity 23345K, committed 23808K, reserved 1071104K
  class space    used 2563K, capacity 2713K, committed 2816K, reserved 1048576K
}
Event: 59.980 GC heap after
{Heap after GC invocations=45 (full 2):
 def new generation   total 6784K, used 153K [0x00000000f0a00000, 0x00000000f1150000, 0x00000000f5c00000)
  eden space 6080K,   0% used [0x00000000f0a00000, 0x00000000f0a00000, 0x00000000f0ff0000)
  from space 704K,  21% used [0x00000000f0ff0000, 0x00000000f1016660, 0x00000000f10a0000)
  to   space 704K,   0% used [0x00000000f10a0000, 0x00000000f10a0000, 0x00000000f1150000)
 tenured generation   total 14868K, used 8920K [0x00000000f5c00000, 0x00000000f6a85000, 0x0000000100000000)
   the space 14868K,  59% used [0x00000000f5c00000, 0x00000000f64b60b8, 0x00000000f64b6200, 0x00000000f6a85000)
 Metaspace       used 22944K, capacity 23345K, committed 23808K, reserved 1071104K
  class space    used 2563K, capacity 2713K, committed 2816K, reserved 1048576K
}
Event: 61.584 GC heap before
{Heap before GC invocations=45 (full 2):
 def new generation   total 6784K, used 5465K [0x00000000f0a00000, 0x00000000f1150000, 0x00000000f5c00000)
  eden space 6080K,  87% used [0x00000000f0a00000, 0x00000000f0f30030, 0x00000000f0ff0000)
  from space 704K,  21% used [0x00000000f0ff0000, 0x00000000f1016660, 0x00000000f10a0000)
  to   space 704K,   0% used [0x00000000f10a0000, 0x00000000f10a0000, 0x00000000f1150000)
 tenured generation   total 14868K, used 8920K [0x00000000f5c00000, 0x00000000f6a85000, 0x0000000100000000)
   the space 14868K,  59% used [0x00000000f5c00000, 0x00000000f64b60b8, 0x00000000f64b6200, 0x00000000f6a85000)
 Metaspace       used 22944K, capacity 23345K, committed 23808K, reserved 1071104K
  class space    used 2563K, capacity 2713K, committed 2816K, reserved 1048576K
}
Event: 61.586 GC heap after
{Heap after GC invocations=46 (full 2):
 def new generation   total 6784K, used 704K [0x00000000f0a00000, 0x00000000f1150000, 0x00000000f5c00000)
  eden space 6080K,   0% used [0x00000000f0a00000, 0x00000000f0a00000, 0x00000000f0ff0000)
  from space 704K, 100% used [0x00000000f10a0000, 0x00000000f1150000, 0x00000000f1150000)
  to   space 704K,   0% used [0x00000000f0ff0000, 0x00000000f0ff0000, 0x00000000f10a0000)
 tenured generation   total 14868K, used 9077K [0x00000000f5c00000, 0x00000000f6a85000, 0x0000000100000000)
   the space 14868K,  61% used [0x00000000f5c00000, 0x00000000f64dd6e0, 0x00000000f64dd800, 0x00000000f6a85000)
 Metaspace       used 22944K, capacity 23345K, committed 23808K, reserved 1071104K
  class space    used 2563K, capacity 2713K, committed 2816K, reserved 1048576K
}
Event: 64.267 GC heap before
{Heap before GC invocations=46 (full 2):
 def new generation   total 6784K, used 6784K [0x00000000f0a00000, 0x00000000f1150000, 0x00000000f5c00000)
  eden space 6080K, 100% used [0x00000000f0a00000, 0x00000000f0ff0000, 0x00000000f0ff0000)
  from space 704K, 100% used [0x00000000f10a0000, 0x00000000f1150000, 0x00000000f1150000)
  to   space 704K,   0% used [0x00000000f0ff0000, 0x00000000f0ff0000, 0x00000000f10a0000)
 tenured generation   total 14868K, used 9077K [0x00000000f5c00000, 0x00000000f6a85000, 0x0000000100000000)
   the space 14868K,  61% used [0x00000000f5c00000, 0x00000000f64dd6e0, 0x00000000f64dd800, 0x00000000f6a85000)
 Metaspace       used 22947K, capacity 23345K, committed 23808K, reserved 1071104K
  class space    used 2563K, capacity 2713K, committed 2816K, reserved 1048576K
}
Event: 64.269 GC heap after
{Heap after GC invocations=47 (full 2):
 def new generation   total 6784K, used 704K [0x00000000f0a00000, 0x00000000f1150000, 0x00000000f5c00000)
  eden space 6080K,   0% used [0x00000000f0a00000, 0x00000000f0a00000, 0x00000000f0ff0000)
  from space 704K, 100% used [0x00000000f0ff0000, 0x00000000f10a0000, 0x00000000f10a0000)
  to   space 704K,   0% used [0x00000000f10a0000, 0x00000000f10a0000, 0x00000000f1150000)
 tenured generation   total 14868K, used 10160K [0x00000000f5c00000, 0x00000000f6a85000, 0x0000000100000000)
   the space 14868K,  68% used [0x00000000f5c00000, 0x00000000f65ec248, 0x00000000f65ec400, 0x00000000f6a85000)
 Metaspace       used 22947K, capacity 23345K, committed 23808K, reserved 1071104K
  class space    used 2563K, capacity 2713K, committed 2816K, reserved 1048576K
}
Event: 64.856 GC heap before
{Heap before GC invocations=47 (full 2):
 def new generation   total 6784K, used 6784K [0x00000000f0a00000, 0x00000000f1150000, 0x00000000f5c00000)
  eden space 6080K, 100% used [0x00000000f0a00000, 0x00000000f0ff0000, 0x00000000f0ff0000)
  from space 704K, 100% used [0x00000000f0ff0000, 0x00000000f10a0000, 0x00000000f10a0000)
  to   space 704K,   0% used [0x00000000f10a0000, 0x00000000f10a0000, 0x00000000f1150000)
 tenured generation   total 14868K, used 10160K [0x00000000f5c00000, 0x00000000f6a85000, 0x0000000100000000)
   the space 14868K,  68% used [0x00000000f5c00000, 0x00000000f65ec248, 0x00000000f65ec400, 0x00000000f6a85000)
 Metaspace       used 22952K, capacity 23345K, committed 23808K, reserved 1071104K
  class space    used 2563K, capacity 2713K, committed 2816K, reserved 1048576K
}
Event: 64.858 GC heap after
{Heap after GC invocations=48 (full 2):
 def new generation   total 6784K, used 704K [0x00000000f0a00000, 0x00000000f1150000, 0x00000000f5c00000)
  eden space 6080K,   0% used [0x00000000f0a00000, 0x00000000f0a00000, 0x00000000f0ff0000)
  from space 704K, 100% used [0x00000000f10a0000, 0x00000000f1150000, 0x00000000f1150000)
  to   space 704K,   0% used [0x00000000f0ff0000, 0x00000000f0ff0000, 0x00000000f10a0000)
 tenured generation   total 14868K, used 10953K [0x00000000f5c00000, 0x00000000f6a85000, 0x0000000100000000)
   the space 14868K,  73% used [0x00000000f5c00000, 0x00000000f66b2418, 0x00000000f66b2600, 0x00000000f6a85000)
 Metaspace       used 22952K, capacity 23345K, committed 23808K, reserved 1071104K
  class space    used 2563K, capacity 2713K, committed 2816K, reserved 1048576K
}
Event: 65.300 GC heap before
{Heap before GC invocations=48 (full 2):
 def new generation   total 6784K, used 6784K [0x00000000f0a00000, 0x00000000f1150000, 0x00000000f5c00000)
  eden space 6080K, 100% used [0x00000000f0a00000, 0x00000000f0ff0000, 0x00000000f0ff0000)
  from space 704K, 100% used [0x00000000f10a0000, 0x00000000f1150000, 0x00000000f1150000)
  to   space 704K,   0% used [0x00000000f0ff0000, 0x00000000f0ff0000, 0x00000000f10a0000)
 tenured generation   total 14868K, used 10953K [0x00000000f5c00000, 0x00000000f6a85000, 0x0000000100000000)
   the space 14868K,  73% used [0x00000000f5c00000, 0x00000000f66b2418, 0x00000000f66b2600, 0x00000000f6a85000)
 Metaspace       used 23165K, capacity 23593K, committed 24064K, reserved 1071104K
  class space    used 2587K, capacity 2753K, committed 2816K, reserved 1048576K
}
Event: 65.301 GC heap after
{Heap after GC invocations=49 (full 2):
 def new generation   total 6784K, used 156K [0x00000000f0a00000, 0x00000000f1150000, 0x00000000f5c00000)
  eden space 6080K,   0% used [0x00000000f0a00000, 0x00000000f0a00000, 0x00000000f0ff0000)
  from space 704K,  22% used [0x00000000f0ff0000, 0x00000000f1017398, 0x00000000f10a0000)
  to   space 704K,   0% used [0x00000000f10a0000, 0x00000000f10a0000, 0x00000000f1150000)
 tenured generation   total 14868K, used 11686K [0x00000000f5c00000, 0x00000000f6a85000, 0x0000000100000000)
   the space 14868K,  78% used [0x00000000f5c00000, 0x00000000f6769850, 0x00000000f6769a00, 0x00000000f6a85000)
 Metaspace       used 23165K, capacity 23593K, committed 24064K, reserved 1071104K
  class space    used 2587K, capacity 2753K, committed 2816K, reserved 1048576K
}

